Changed directory to /home/js2072/dllama/dllama.

JobID: 768060
======
Time: Thu 22 Feb 20:47:28 GMT 2018
Running on master node: cpu-e-148
Current directory: /home/js2072/dllama/dllama

Nodes allocated:
================
cpu-e-148 cpu-e-160

numtasks=2, numnodes=2, mpi_tasks_per_node=1 (OMP_NUM_THREADS=1)

Executing command:
==================
mpirun -ppn 1 -np 2 /home/js2072/dllama/dllama/dllama.exe b 5000 20 /local/

started benchmark
0read_edges 2 5000 4366 4258 5943 4114 4151 7840 7648 7630 7681 7465 7620 7659 7656 7729 4312 7630 7739 7679 7783 7698 
0merge_benchmark 2 5000 681857 
===================================================================================
=   BAD TERMINATION OF ONE OF YOUR APPLICATION PROCESSES
=   PID 128254 RUNNING AT cpu-e-148
=   EXIT CODE: 9
=   CLEANING UP REMAINING PROCESSES
=   YOU CAN IGNORE THE BELOW CLEANUP MESSAGES
===================================================================================
slurmstepd: error: Exceeded step memory limit at some point.
slurmstepd: error: Exceeded job memory limit at some point.
srun: error: cpu-e-148: task 0: Out Of Memory

===================================================================================
=   BAD TERMINATION OF ONE OF YOUR APPLICATION PROCESSES
=   PID 128254 RUNNING AT cpu-e-148
=   EXIT CODE: 9
=   CLEANING UP REMAINING PROCESSES
=   YOU CAN IGNORE THE BELOW CLEANUP MESSAGES
===================================================================================
   Intel(R) MPI Library troubleshooting guide:
      https://software.intel.com/node/561764
===================================================================================
slurmstepd: error: Exceeded job memory limit at some point.
