Changed directory to /home/js2072/dllama/dllama.

JobID: 796648
======
Time: Sun 25 Feb 20:10:21 GMT 2018
Running on master node: cpu-e-35
Current directory: /home/js2072/dllama/dllama

Nodes allocated:
================
cpu-e-35

numtasks=1, numnodes=1, mpi_tasks_per_node=1 (OMP_NUM_THREADS=1)

Executing command:
==================
mpirun -ppn 1 -np 1 /home/js2072/dllama/dllama/dllama.exe 2 2500 20 /local/

started benchmark
0merge_benchmark 1 2500 363038 353804 369089 668239 358491 361703 362274 356040 358883 356784 355437 355224 355675 358828 356373 360296 442100 521079 520866 
===================================================================================
=   BAD TERMINATION OF ONE OF YOUR APPLICATION PROCESSES
=   PID 217283 RUNNING AT cpu-e-35
=   EXIT CODE: 9
=   CLEANING UP REMAINING PROCESSES
=   YOU CAN IGNORE THE BELOW CLEANUP MESSAGES
===================================================================================
srun: error: cpu-e-35: task 0: Out Of Memory
slurmstepd: error: Exceeded job memory limit at some point.
[mpiexec@cpu-e-35] HYDT_bscu_wait_for_completion (../../tools/bootstrap/utils/bscu_wait.c:151): one of the processes terminated badly; aborting
[mpiexec@cpu-e-35] HYDT_bsci_wait_for_completion (../../tools/bootstrap/src/bsci_wait.c:36): launcher returned error waiting for completion
[mpiexec@cpu-e-35] HYD_pmci_wait_for_completion (../../pm/pmiserv/pmiserv_pmci.c:521): launcher returned error waiting for completion
[mpiexec@cpu-e-35] main (../../ui/mpich/mpiexec.c:1147): process manager error waiting for completion
slurmstepd: error: Exceeded job memory limit at some point.
