Changed directory to /home/js2072/dllama/dllama.

JobID: 796749
======
Time: Sun 25 Feb 20:31:07 GMT 2018
Running on master node: cpu-e-160
Current directory: /home/js2072/dllama/dllama

Nodes allocated:
================
cpu-e-160

numtasks=1, numnodes=1, mpi_tasks_per_node=1 (OMP_NUM_THREADS=1)

Executing command:
==================
mpirun -ppn 1 -np 1 /home/js2072/dllama/dllama/dllama.exe 2 4000 20 /local/

started benchmark
0merge_benchmark 1 4000 573422 869788 592217 558503 570655 571675 560460 555277 560522 557186 686060 
===================================================================================
=   BAD TERMINATION OF ONE OF YOUR APPLICATION PROCESSES
=   PID 422094 RUNNING AT cpu-e-160
=   EXIT CODE: 9
=   CLEANING UP REMAINING PROCESSES
=   YOU CAN IGNORE THE BELOW CLEANUP MESSAGES
===================================================================================
srun: error: cpu-e-160: task 0: Out Of Memory
slurmstepd: error: Exceeded job memory limit at some point.
[mpiexec@cpu-e-160] HYDT_bscu_wait_for_completion (../../tools/bootstrap/utils/bscu_wait.c:151): one of the processes terminated badly; aborting
[mpiexec@cpu-e-160] HYDT_bsci_wait_for_completion (../../tools/bootstrap/src/bsci_wait.c:36): launcher returned error waiting for completion
[mpiexec@cpu-e-160] HYD_pmci_wait_for_completion (../../pm/pmiserv/pmiserv_pmci.c:521): launcher returned error waiting for completion
[mpiexec@cpu-e-160] main (../../ui/mpich/mpiexec.c:1147): process manager error waiting for completion
slurmstepd: error: Exceeded job memory limit at some point.
