Changed directory to /home/js2072/dllama/dllama.

JobID: 726103
======
Time: Sun 18 Feb 17:39:37 GMT 2018
Running on master node: cpu-e-9
Current directory: /home/js2072/dllama/dllama

Nodes allocated:
================
cpu-e-9 cpu-e-14 cpu-e-259 cpu-e-279

numtasks=4, numnodes=4, mpi_tasks_per_node=1 (OMP_NUM_THREADS=1)

Executing command:
==================
mpirun -ppn 1 -np 4 /home/js2072/dllama/dllama/dllama.exe 5 5000 10 /local/

started benchmark with 4 machines
add nodes benchmark with 4 machines, microseconds to add 50000 nodes:
192437
173581
164346
152309
187396
209200
205370
143427
178583
138065

add edges benchmark with 4 machines, microseconds to add 100 edges each to 5000 nodes:
461917
446127
506802
471349
501040
482324
482307
486034
440046
475296

add kronecker graph benchmark with 4 machines. microseconds to add graph then read all edges (1024 nodes, 2655 edges):
NB: interleaved results (time to load then time to read for each iteration)
169381
122
127263
123
127375
123
115240
120
130271
121
121261
121
107304
122
112274
123
129444
122
117305
121

add power graph benchmark with 4 machines. microseconds to add graph then read all edges (1000 nodes, 7196 edges):
NB: interleaved results (time to load then time to read for each iteration)
221193
174
165329
175
172312
176
154053
175
141051
174
165456
176
146456
174
170347
174
171013
180
168443
176

