Changed directory to /home/js2072/dllama/dllama.

JobID: 726089
======
Time: Sun 18 Feb 17:34:04 GMT 2018
Running on master node: cpu-e-304
Current directory: /home/js2072/dllama/dllama

Nodes allocated:
================
cpu-e-304 cpu-e-317 cpu-e-319 cpu-e-320

numtasks=4, numnodes=4, mpi_tasks_per_node=1 (OMP_NUM_THREADS=1)

Executing command:
==================
mpirun -ppn 1 -np 4 /home/js2072/dllama/dllama/dllama.exe 5 5000 10 /local/

started benchmark
started benchmark
started benchmark
add nodes benchmark with 4 machines, microseconds to add 50000 nodes:
started benchmark
165609 201384 176960 172418 165435 187486 197997 185128 166127 181131 
add edges benchmark with 4 machines, microseconds to add 100 edges each to 5000 nodes:
495731 531643 433405 464615 422511 419419 483309 503669 
===================================================================================
=   BAD TERMINATION OF ONE OF YOUR APPLICATION PROCESSES
=   PID 338882 RUNNING AT cpu-e-304
=   EXIT CODE: 9
=   CLEANING UP REMAINING PROCESSES
=   YOU CAN IGNORE THE BELOW CLEANUP MESSAGES
===================================================================================
slurmstepd: error: Exceeded job memory limit at some point.
srun: error: cpu-e-304: task 0: Out Of Memory

===================================================================================
=   BAD TERMINATION OF ONE OF YOUR APPLICATION PROCESSES
=   PID 338882 RUNNING AT cpu-e-304
=   EXIT CODE: 9
=   CLEANING UP REMAINING PROCESSES
=   YOU CAN IGNORE THE BELOW CLEANUP MESSAGES
===================================================================================
   Intel(R) MPI Library troubleshooting guide:
      https://software.intel.com/node/561764
===================================================================================
slurmstepd: error: Exceeded job memory limit at some point.
