Changed directory to /home/js2072/dllama/dllama.

JobID: 696661
======
Time: Wed 14 Feb 01:21:22 GMT 2018
Running on master node: cpu-e-108
Current directory: /home/js2072/dllama/dllama
/usr/bin/perl: symbol lookup error: /usr/local/Cluster-Apps/slurm-14.11.8/lib64/perl5/auto/Slurm/Slurm.so: undefined symbol: Perl_Gthr_key_ptr

Nodes allocated:
================


numtasks=4, numnodes=4, mpi_tasks_per_node=1 (OMP_NUM_THREADS=1)

Executing command:
==================
mpirun -npernode 1 -np 4 /home/js2072/dllama/dllama/dllama.exe 0 10000 10 /local/

--------------------------------------------------------------------------
An ORTE daemon has unexpectedly failed after launch and before
communicating back to mpirun. This could be caused by a number
of factors, including an inability to create a connection back
to mpirun due to a lack of common network interfaces and/or no
route found between them. Please check network connectivity
(including firewalls and network routing requirements).
--------------------------------------------------------------------------
