Changed directory to /home/js2072/dllama/dllama.

JobID: 768063
======
Time: Thu 22 Feb 20:50:35 GMT 2018
Running on master node: cpu-e-148
Current directory: /home/js2072/dllama/dllama

Nodes allocated:
================
cpu-e-148 cpu-e-160

numtasks=2, numnodes=2, mpi_tasks_per_node=1 (OMP_NUM_THREADS=1)

Executing command:
==================
mpirun -ppn 1 -np 2 /home/js2072/dllama/dllama/dllama.exe b 5000 20 /local/

started benchmark
0read_edges 2 5000 92095 4242 4339 4351 4396 4356 4430 4352 4315 4352 4309 4266 4368 4385 4385 4368 4275 4403 4350 4338 
0merge_benchmark 2 5000 688575 677102 
===================================================================================
=   BAD TERMINATION OF ONE OF YOUR APPLICATION PROCESSES
=   PID 130152 RUNNING AT cpu-e-148
=   EXIT CODE: 9
=   CLEANING UP REMAINING PROCESSES
=   YOU CAN IGNORE THE BELOW CLEANUP MESSAGES
===================================================================================
srun: error: cpu-e-148: task 0: Out Of Memory
slurmstepd: error: Exceeded step memory limit at some point.
slurmstepd: error: Exceeded job memory limit at some point.

===================================================================================
=   BAD TERMINATION OF ONE OF YOUR APPLICATION PROCESSES
=   PID 130152 RUNNING AT cpu-e-148
=   EXIT CODE: 9
=   CLEANING UP REMAINING PROCESSES
=   YOU CAN IGNORE THE BELOW CLEANUP MESSAGES
===================================================================================
   Intel(R) MPI Library troubleshooting guide:
      https://software.intel.com/node/561764
===================================================================================
slurmstepd: error: Exceeded job memory limit at some point.
